<?xml version="1.0" encoding="UTF-8"?>
<testsuite xmlns:xsi="http://www.w3.org/2001/XMLSchema-instance" xsi:noNamespaceSchemaLocation="https://maven.apache.org/surefire/maven-surefire-plugin/xsd/surefire-test-report-3.0.xsd" version="3.0" name="br.com.fiap.trafficManagement.TrafficManagementApplicationTests" time="7.941" tests="1" errors="0" skipped="0" failures="0">
  <properties>
[...]
</properties>
  <testcase name="contextLoads" classname="br.com.fiap.trafficManagement.TrafficManagementApplicationTests" time="0.441">
    <system-out><![CDATA[15:56:01.066 [main] INFO org.springframework.test.context.support.AnnotationConfigContextLoaderUtils -- Could not detect default configuration classes for test class [br.com.fiap.trafficManagement.TrafficManagementApplicationTests]: TrafficManagementApplicationTests does not declare any static, non-private, non-final, nested classes annotated with @Configuration.
15:56:01.187 [main] INFO org.springframework.boot.test.context.SpringBootTestContextBootstrapper -- Found @SpringBootConfiguration br.com.fiap.trafficManagement.TrafficManagementApplication for test class br.com.fiap.trafficManagement.TrafficManagementApplicationTests

  .   ____          _            __ _ _
 /\\ / ___'_ __ _ _(_)_ __  __ _ \ \ \ \
( ( )\___ | '_ | '_| | '_ \/ _` | \ \ \ \
 \\/  ___)| |_)| | | | | || (_| |  ) ) ) )
  '  |____| .__|_| |_|_| |_\__, | / / / /
 =========|_|==============|___/=/_/_/_/
 :: Spring Boot ::                (v3.2.5)

2024-10-31T15:56:01.679-03:00  WARN 16888 --- [trafficManagement] [           main] ory$DuplicateJsonObjectContextCustomizer : 

Found multiple occurrences of org.json.JSONObject on the class path:

	jar:file:/C:/Users/Daniel%20Malafaia/.m2/repository/com/vaadin/external/google/android-json/0.0.20131108.vaadin1/android-json-0.0.20131108.vaadin1.jar!/org/json/JSONObject.class
	jar:file:/C:/Users/Daniel%20Malafaia/.m2/repository/org/json/json/20240303/json-20240303.jar!/org/json/JSONObject.class

You may wish to exclude one of them to ensure predictable runtime behavior

2024-10-31T15:56:01.700-03:00  INFO 16888 --- [trafficManagement] [           main] .c.f.t.TrafficManagementApplicationTests : Starting TrafficManagementApplicationTests using Java 22.0.1 with PID 16888 (started by Daniel Malafaia in C:\Users\Daniel Malafaia\Desktop\Traffic Management\trafficManagement)
2024-10-31T15:56:01.701-03:00  INFO 16888 --- [trafficManagement] [           main] .c.f.t.TrafficManagementApplicationTests : No active profile set, falling back to 1 default profile: "default"
2024-10-31T15:56:02.745-03:00  INFO 16888 --- [trafficManagement] [           main] .s.d.r.c.RepositoryConfigurationDelegate : Bootstrapping Spring Data JPA repositories in DEFAULT mode.
2024-10-31T15:56:02.810-03:00  INFO 16888 --- [trafficManagement] [           main] .s.d.r.c.RepositoryConfigurationDelegate : Finished Spring Data repository scanning in 57 ms. Found 3 JPA repository interfaces.
2024-10-31T15:56:03.461-03:00  INFO 16888 --- [trafficManagement] [           main] com.zaxxer.hikari.HikariDataSource       : HikariPool-1 - Starting...
2024-10-31T15:56:04.812-03:00  INFO 16888 --- [trafficManagement] [           main] com.zaxxer.hikari.pool.HikariPool        : HikariPool-1 - Added connection oracle.jdbc.driver.T4CConnection@4eb9ae4d
2024-10-31T15:56:04.815-03:00  INFO 16888 --- [trafficManagement] [           main] com.zaxxer.hikari.HikariDataSource       : HikariPool-1 - Start completed.
2024-10-31T15:56:04.913-03:00  INFO 16888 --- [trafficManagement] [           main] o.f.c.internal.license.VersionPrinter    : Flyway Community Edition 9.22.3 by Redgate
2024-10-31T15:56:04.914-03:00  INFO 16888 --- [trafficManagement] [           main] o.f.c.internal.license.VersionPrinter    : See release notes here: https://rd.gt/416ObMi
2024-10-31T15:56:04.914-03:00  INFO 16888 --- [trafficManagement] [           main] o.f.c.internal.license.VersionPrinter    : 
2024-10-31T15:56:04.936-03:00  INFO 16888 --- [trafficManagement] [           main] org.flywaydb.core.FlywayExecutor         : Database: jdbc:oracle:thin:@oracle.fiap.com.br:1521:ORCL (Oracle 19.0)
2024-10-31T15:56:05.185-03:00  INFO 16888 --- [trafficManagement] [           main] o.f.core.internal.command.DbValidate     : Successfully validated 6 migrations (execution time 00:00.051s)
2024-10-31T15:56:05.239-03:00  INFO 16888 --- [trafficManagement] [           main] o.f.core.internal.command.DbMigrate      : Current version of schema "RM98112": 6
2024-10-31T15:56:05.255-03:00  INFO 16888 --- [trafficManagement] [           main] o.f.core.internal.command.DbMigrate      : Schema "RM98112" is up to date. No migration necessary.
2024-10-31T15:56:05.434-03:00  INFO 16888 --- [trafficManagement] [           main] o.hibernate.jpa.internal.util.LogHelper  : HHH000204: Processing PersistenceUnitInfo [name: default]
2024-10-31T15:56:05.514-03:00  INFO 16888 --- [trafficManagement] [           main] org.hibernate.Version                    : HHH000412: Hibernate ORM core version 6.4.4.Final
2024-10-31T15:56:05.553-03:00  INFO 16888 --- [trafficManagement] [           main] o.h.c.internal.RegionFactoryInitiator    : HHH000026: Second-level cache disabled
2024-10-31T15:56:05.799-03:00  INFO 16888 --- [trafficManagement] [           main] o.s.o.j.p.SpringPersistenceUnitInfo      : No LoadTimeWeaver setup: ignoring JPA class transformer
2024-10-31T15:56:06.962-03:00  INFO 16888 --- [trafficManagement] [           main] o.h.e.t.j.p.i.JtaPlatformInitiator       : HHH000489: No JTA platform available (set 'hibernate.transaction.jta.platform' to enable JTA platform integration)
2024-10-31T15:56:06.965-03:00  INFO 16888 --- [trafficManagement] [           main] j.LocalContainerEntityManagerFactoryBean : Initialized JPA EntityManagerFactory for persistence unit 'default'
2024-10-31T15:56:07.337-03:00  INFO 16888 --- [trafficManagement] [           main] o.s.d.j.r.query.QueryEnhancerFactory     : Hibernate is in classpath; If applicable, HQL parser will be used.
2024-10-31T15:56:07.734-03:00  WARN 16888 --- [trafficManagement] [           main] JpaBaseConfiguration$JpaWebConfiguration : spring.jpa.open-in-view is enabled by default. Therefore, database queries may be performed during view rendering. Explicitly configure spring.jpa.open-in-view to disable this warning
2024-10-31T15:56:08.033-03:00  INFO 16888 --- [trafficManagement] [           main] o.s.s.web.DefaultSecurityFilterChain     : Will secure any request with [org.springframework.security.web.session.DisableEncodeUrlFilter@23c95292, org.springframework.security.web.context.request.async.WebAsyncManagerIntegrationFilter@2f43c73a, org.springframework.security.web.context.SecurityContextHolderFilter@18e7b33e, org.springframework.security.web.header.HeaderWriterFilter@4df50829, org.springframework.web.filter.CorsFilter@19d483dc, org.springframework.security.web.authentication.logout.LogoutFilter@47bcb545, br.com.fiap.trafficManagement.config.security.VerifyToken@29390110, org.springframework.security.web.savedrequest.RequestCacheAwareFilter@5a41183b, org.springframework.security.web.servletapi.SecurityContextHolderAwareRequestFilter@644e9953, org.springframework.security.web.authentication.AnonymousAuthenticationFilter@18a693de, org.springframework.security.web.session.SessionManagementFilter@2a4137a2, org.springframework.security.web.access.ExceptionTranslationFilter@51653509, org.springframework.security.web.access.intercept.AuthorizationFilter@6dbc3756]
2024-10-31T15:56:08.356-03:00  INFO 16888 --- [trafficManagement] [           main] .c.f.t.TrafficManagementApplicationTests : Started TrafficManagementApplicationTests in 6.977 seconds (process running for 8.067)
]]></system-out>
    <system-err><![CDATA[WARNING: A Java agent has been loaded dynamically (C:\Users\Daniel Malafaia\.m2\repository\net\bytebuddy\byte-buddy-agent\1.14.13\byte-buddy-agent-1.14.13.jar)
WARNING: If a serviceability tool is in use, please run with -XX:+EnableDynamicAgentLoading to hide this warning
WARNING: If a serviceability tool is not in use, please run with -Djdk.instrument.traceUsage for more information
WARNING: Dynamic loading of agents will be disallowed by default in a future release
]]></system-err>
  </testcase>
</testsuite>